# JRE version: OpenJDK Runtime Environment (8.0_112-b06) (build 1.8.0_112-release-b06)
# Java VM: OpenJDK 64-Bit Server VM (25.112-b06 mixed mode linux-amd64 compressed oops)
Heap:
 PSYoungGen      total 122368K, used 15862K [0x00000000eab00000, 0x00000000f3600000, 0x0000000100000000)
  eden space 106496K, 0% used [0x00000000eab00000,0x00000000eab00000,0x00000000f1300000)
  from space 15872K, 99% used [0x00000000f1300000,0x00000000f227dbe0,0x00000000f2280000)
  to   space 11776K, 0% used [0x00000000f2280000,0x00000000f2280000,0x00000000f2e00000)
 ParOldGen       total 36864K, used 23065K [0x00000000c0000000, 0x00000000c2400000, 0x00000000eab00000)
  object space 36864K, 62% used [0x00000000c0000000,0x00000000c1686428,0x00000000c2400000)
 Metaspace       used 6263K, capacity 7152K, committed 7296K, reserved 1056768K
  class space    used 574K, capacity 616K, committed 640K, reserved 1048576K
GC Heap History (10 events):
Event: 3,370 GC heap after
Heap after GC invocations=4 (full 0):
 PSYoungGen      total 30720K, used 2039K [0x00000000eab00000, 0x00000000ecb00000, 0x0000000100000000)
  eden space 28672K, 0% used [0x00000000eab00000,0x00000000eab00000,0x00000000ec700000)
  from space 2048K, 99% used [0x00000000ec900000,0x00000000ecafdc98,0x00000000ecb00000)
  to   space 2048K, 0% used [0x00000000ec700000,0x00000000ec700000,0x00000000ec900000)
 ParOldGen       total 36864K, used 3164K [0x00000000c0000000, 0x00000000c2400000, 0x00000000eab00000)
  object space 36864K, 8% used [0x00000000c0000000,0x00000000c0317350,0x00000000c2400000)
 Metaspace       used 5784K, capacity 6832K, committed 7040K, reserved 1056768K
  class space    used 570K, capacity 616K, committed 640K, reserved 1048576K
}
Event: 3,910 GC heap before
{Heap before GC invocations=5 (full 0):
 PSYoungGen      total 30720K, used 30711K [0x00000000eab00000, 0x00000000ecb00000, 0x0000000100000000)
  eden space 28672K, 100% used [0x00000000eab00000,0x00000000ec700000,0x00000000ec700000)
  from space 2048K, 99% used [0x00000000ec900000,0x00000000ecafdc98,0x00000000ecb00000)
  to   space 2048K, 0% used [0x00000000ec700000,0x00000000ec700000,0x00000000ec900000)
 ParOldGen       total 36864K, used 3164K [0x00000000c0000000, 0x00000000c2400000, 0x00000000eab00000)
  object space 36864K, 8% used [0x00000000c0000000,0x00000000c0317350,0x00000000c2400000)
 Metaspace       used 5914K, capacity 6896K, committed 7040K, reserved 1056768K
  class space    used 572K, capacity 616K, committed 640K, reserved 1048576K
Event: 3,926 GC heap after
Heap after GC invocations=5 (full 0):
 PSYoungGen      total 30720K, used 2016K [0x00000000eab00000, 0x00000000ef200000, 0x0000000100000000)
  eden space 28672K, 0% used [0x00000000eab00000,0x00000000eab00000,0x00000000ec700000)
  from space 2048K, 98% used [0x00000000ec700000,0x00000000ec8f8028,0x00000000ec900000)
  to   space 7680K, 0% used [0x00000000eea80000,0x00000000eea80000,0x00000000ef200000)
 ParOldGen       total 36864K, used 7721K [0x00000000c0000000, 0x00000000c2400000, 0x00000000eab00000)
  object space 36864K, 20% used [0x00000000c0000000,0x00000000c078a7f8,0x00000000c2400000)
 Metaspace       used 5914K, capacity 6896K, committed 7040K, reserved 1056768K
  class space    used 572K, capacity 616K, committed 640K, reserved 1048576K
}
Event: 4,202 GC heap before
{Heap before GC invocations=6 (full 0):
 PSYoungGen      total 30720K, used 30688K [0x00000000eab00000, 0x00000000ef200000, 0x0000000100000000)
  eden space 28672K, 100% used [0x00000000eab00000,0x00000000ec700000,0x00000000ec700000)
  from space 2048K, 98% used [0x00000000ec700000,0x00000000ec8f8028,0x00000000ec900000)
  to   space 7680K, 0% used [0x00000000eea80000,0x00000000eea80000,0x00000000ef200000)
 ParOldGen       total 36864K, used 7721K [0x00000000c0000000, 0x00000000c2400000, 0x00000000eab00000)
  object space 36864K, 20% used [0x00000000c0000000,0x00000000c078a7f8,0x00000000c2400000)
 Metaspace       used 5936K, capacity 6960K, committed 7040K, reserved 1056768K
  class space    used 572K, capacity 616K, committed 640K, reserved 1048576K
Event: 4,236 GC heap after
Heap after GC invocations=6 (full 0):
 PSYoungGen      total 62976K, used 7651K [0x00000000eab00000, 0x00000000ef600000, 0x0000000100000000)
  eden space 55296K, 0% used [0x00000000eab00000,0x00000000eab00000,0x00000000ee100000)
  from space 7680K, 99% used [0x00000000eea80000,0x00000000ef1f8c40,0x00000000ef200000)
  to   space 9728K, 0% used [0x00000000ee100000,0x00000000ee100000,0x00000000eea80000)
 ParOldGen       total 36864K, used 7976K [0x00000000c0000000, 0x00000000c2400000, 0x00000000eab00000)
  object space 36864K, 21% used [0x00000000c0000000,0x00000000c07ca3d0,0x00000000c2400000)
 Metaspace       used 5936K, capacity 6960K, committed 7040K, reserved 1056768K
  class space    used 572K, capacity 616K, committed 640K, reserved 1048576K
}
Event: 4,907 GC heap before
{Heap before GC invocations=7 (full 0):
 PSYoungGen      total 62976K, used 62947K [0x00000000eab00000, 0x00000000ef600000, 0x0000000100000000)
  eden space 55296K, 100% used [0x00000000eab00000,0x00000000ee100000,0x00000000ee100000)
  from space 7680K, 99% used [0x00000000eea80000,0x00000000ef1f8c40,0x00000000ef200000)
  to   space 9728K, 0% used [0x00000000ee100000,0x00000000ee100000,0x00000000eea80000)
 ParOldGen       total 36864K, used 7976K [0x00000000c0000000, 0x00000000c2400000, 0x00000000eab00000)
  object space 36864K, 21% used [0x00000000c0000000,0x00000000c07ca3d0,0x00000000c2400000)
 Metaspace       used 6002K, capacity 7024K, committed 7296K, reserved 1056768K
  class space    used 572K, capacity 616K, committed 640K, reserved 1048576K
Event: 4,937 GC heap after
Heap after GC invocations=7 (full 0):
 PSYoungGen      total 65024K, used 9708K [0x00000000eab00000, 0x00000000f2e00000, 0x0000000100000000)
  eden space 55296K, 0% used [0x00000000eab00000,0x00000000eab00000,0x00000000ee100000)
  from space 9728K, 99% used [0x00000000ee100000,0x00000000eea7b078,0x00000000eea80000)
  to   space 11776K, 0% used [0x00000000f2280000,0x00000000f2280000,0x00000000f2e00000)
 ParOldGen       total 36864K, used 8342K [0x00000000c0000000, 0x00000000c2400000, 0x00000000eab00000)
  object space 36864K, 22% used [0x00000000c0000000,0x00000000c0825b60,0x00000000c2400000)
 Metaspace       used 6002K, capacity 7024K, committed 7296K, reserved 1056768K
  class space    used 572K, capacity 616K, committed 640K, reserved 1048576K
}
Event: 5,606 GC heap before
{Heap before GC invocations=8 (full 0):
 PSYoungGen      total 65024K, used 65004K [0x00000000eab00000, 0x00000000f2e00000, 0x0000000100000000)
  eden space 55296K, 100% used [0x00000000eab00000,0x00000000ee100000,0x00000000ee100000)
  from space 9728K, 99% used [0x00000000ee100000,0x00000000eea7b078,0x00000000eea80000)
  to   space 11776K, 0% used [0x00000000f2280000,0x00000000f2280000,0x00000000f2e00000)
 ParOldGen       total 36864K, used 8342K [0x00000000c0000000, 0x00000000c2400000, 0x00000000eab00000)
  object space 36864K, 22% used [0x00000000c0000000,0x00000000c0825b60,0x00000000c2400000)
 Metaspace       used 6061K, capacity 7024K, committed 7296K, reserved 1056768K
  class space    used 572K, capacity 616K, committed 640K, reserved 1048576K
Event: 5,659 GC heap after
Heap after GC invocations=8 (full 0):
 PSYoungGen      total 118272K, used 11748K [0x00000000eab00000, 0x00000000f3600000, 0x0000000100000000)
  eden space 106496K, 0% used [0x00000000eab00000,0x00000000eab00000,0x00000000f1300000)
  from space 11776K, 99% used [0x00000000f2280000,0x00000000f2df90d8,0x00000000f2e00000)
  to   space 15872K, 0% used [0x00000000f1300000,0x00000000f1300000,0x00000000f2280000)
 ParOldGen       total 36864K, used 12056K [0x00000000c0000000, 0x00000000c2400000, 0x00000000eab00000)
  object space 36864K, 32% used [0x00000000c0000000,0x00000000c0bc63c0,0x00000000c2400000)
 Metaspace       used 6061K, capacity 7024K, committed 7296K, reserved 1056768K
  class space    used 572K, capacity 616K, committed 640K, reserved 1048576K
}
Event: 6,697 GC heap before
{Heap before GC invocations=9 (full 0):
 PSYoungGen      total 118272K, used 118244K [0x00000000eab00000, 0x00000000f3600000, 0x0000000100000000)
  eden space 106496K, 100% used [0x00000000eab00000,0x00000000f1300000,0x00000000f1300000)
  from space 11776K, 99% used [0x00000000f2280000,0x00000000f2df90d8,0x00000000f2e00000)
  to   space 15872K, 0% used [0x00000000f1300000,0x00000000f1300000,0x00000000f2280000)
 ParOldGen       total 36864K, used 12056K [0x00000000c0000000, 0x00000000c2400000, 0x00000000eab00000)
  object space 36864K, 32% used [0x00000000c0000000,0x00000000c0bc63c0,0x00000000c2400000)
 Metaspace       used 6263K, capacity 7152K, committed 7296K, reserved 1056768K
  class space    used 574K, capacity 616K, committed 640K, reserved 1048576K

